2020/08/09 19:30:04 [error] 21535#21535: *36192 client sent invalid chunked body, client: 193.56.28.128, server: marbletilesale.com, request: "GET /wp-includes/wlwmanifest.xml HTTP/1.1", host: "marbletilesale.com"
2020/08/13 14:22:59 [error] 21535#21535: *56228 FastCGI sent in stderr: "PHP message: PHP Fatal error:  Uncaught Exception: Error: Could not load model extension/shipping/upsshipping! in /var/www/html/marbletilesale.com/storage/modification/system/engine/loader.php:97
Stack trace:
#0 /var/www/html/marbletilesale.com/upload/catalog/model/journal3/checkout.php(479): Loader->model('extension/shipp...')
#1 /var/www/html/marbletilesale.com/upload/catalog/model/journal3/checkout.php(219): ModelJournal3Checkout->shipping_methods()
#2 /var/www/html/marbletilesale.com/upload/catalog/model/journal3/checkout.php(81): ModelJournal3Checkout->sync()
#3 /var/www/html/marbletilesale.com/storage/modification/system/engine/loader.php(256): ModelJournal3Checkout->init()
#4 /var/www/html/marbletilesale.com/upload/system/engine/proxy.php(47): Loader->{closure}(Array, Array)
#5 /var/www/html/marbletilesale.com/upload/catalog/controller/journal3/checkout.php(91): Proxy->__call('init', Array)
#6 /var/www/html/marbletilesale.com/storage/modification/system/engine/action.php(79): ControllerJournal3Chec" while reading response header from upstream, client: 171.240.255.86, server: marbletilesale.com, request: "GET /index.php?route=checkout/checkout HTTP/1.1", upstream: "fastcgi://unix:/run/php/php7.2-fpm.sock:", host: "marbletilesale.com", referrer: "http://marbletilesale.com/index.php?route=common/home"
2020/08/13 14:23:09 [error] 21535#21535: *56228 FastCGI sent in stderr: "PHP message: PHP Fatal error:  Uncaught Exception: Error: Could not load model extension/shipping/upsshipping! in /var/www/html/marbletilesale.com/storage/modification/system/engine/loader.php:97
Stack trace:
#0 /var/www/html/marbletilesale.com/upload/catalog/model/journal3/checkout.php(479): Loader->model('extension/shipp...')
#1 /var/www/html/marbletilesale.com/upload/catalog/model/journal3/checkout.php(219): ModelJournal3Checkout->shipping_methods()
#2 /var/www/html/marbletilesale.com/upload/catalog/model/journal3/checkout.php(81): ModelJournal3Checkout->sync()
#3 /var/www/html/marbletilesale.com/storage/modification/system/engine/loader.php(256): ModelJournal3Checkout->init()
#4 /var/www/html/marbletilesale.com/upload/system/engine/proxy.php(47): Loader->{closure}(Array, Array)
#5 /var/www/html/marbletilesale.com/upload/catalog/controller/journal3/checkout.php(91): Proxy->__call('init', Array)
#6 /var/www/html/marbletilesale.com/storage/modification/system/engine/action.php(79): ControllerJournal3Chec" while reading response header from upstream, client: 171.240.255.86, server: marbletilesale.com, request: "GET /index.php?route=checkout/checkout HTTP/1.1", upstream: "fastcgi://unix:/run/php/php7.2-fpm.sock:", host: "marbletilesale.com", referrer: "http://marbletilesale.com/index.php?route=common/home"
2020/08/13 14:23:55 [error] 21535#21535: *56247 FastCGI sent in stderr: "PHP message: PHP Fatal error:  Uncaught Exception: Error: Could not load model extension/shipping/upsshipping! in /var/www/html/marbletilesale.com/storage/modification/system/engine/loader.php:97
Stack trace:
#0 /var/www/html/marbletilesale.com/upload/catalog/model/journal3/checkout.php(479): Loader->model('extension/shipp...')
#1 /var/www/html/marbletilesale.com/upload/catalog/model/journal3/checkout.php(219): ModelJournal3Checkout->shipping_methods()
#2 /var/www/html/marbletilesale.com/upload/catalog/model/journal3/checkout.php(81): ModelJournal3Checkout->sync()
#3 /var/www/html/marbletilesale.com/storage/modification/system/engine/loader.php(256): ModelJournal3Checkout->init()
#4 /var/www/html/marbletilesale.com/upload/system/engine/proxy.php(47): Loader->{closure}(Array, Array)
#5 /var/www/html/marbletilesale.com/upload/catalog/controller/journal3/checkout.php(91): Proxy->__call('init', Array)
#6 /var/www/html/marbletilesale.com/storage/modification/system/engine/action.php(79): ControllerJournal3Chec" while reading response header from upstream, client: 171.240.255.86, server: marbletilesale.com, request: "GET /index.php?route=checkout/checkout HTTP/1.1", upstream: "fastcgi://unix:/run/php/php7.2-fpm.sock:", host: "marbletilesale.com", referrer: "http://marbletilesale.com/index.php?route=common/home"
